<?xml version="1.0" encoding="UTF-8"?>
<!-- Generated by org.testng.reporters.JUnitXMLReporter -->
<testsuite hostname="Suresh-PC" ignored="0" name="Test" tests="4" failures="0" timestamp="23 Dec 2018 04:42:33 GMT" time="0.091" errors="0">
  <testcase name="method1" time="0.011" classname="testPackage.DemoTest"/>
  <testcase name="method2" time="0.002" classname="testPackage.DemoTest"/>
  <testcase name="method3" time="0.003" classname="testPackage.DemoTest"/>
  <testcase name="method4" time="0.002" classname="testPackage.DemoTest"/>
</testsuite> <!-- Test -->
