<?xml version="1.0" encoding="UTF-8"?>
<testsuite xmlns:xsi="http://www.w3.org/2001/XMLSchema-instance" xsi:noNamespaceSchemaLocation="https://maven.apache.org/surefire/maven-surefire-plugin/xsd/surefire-test-report.xsd" name="TestSuite" time="1.111" tests="4" errors="0" skipped="0" failures="0">
  <properties>
[...]
</properties>
  <testcase name="method1" classname="testPackage.DemoTest" time="0.003"/>
  <testcase name="method2" classname="testPackage.DemoTest" time="0"/>
  <testcase name="method3" classname="testPackage.DemoTest" time="0.001"/>
  <testcase name="method4" classname="testPackage.DemoTest" time="0.001"/>
</testsuite>