<?xml version="1.0" encoding="UTF-8"?>
<testng-results skipped="0" failed="0" ignored="0" total="4" passed="4">
  <reporter-output>
  </reporter-output>
  <suite name="Suite" duration-ms="91" started-at="2018-12-23T04:42:32Z" finished-at="2018-12-23T04:42:32Z">
    <groups>
    </groups>
    <test name="Test" duration-ms="91" started-at="2018-12-23T04:42:32Z" finished-at="2018-12-23T04:42:32Z">
      <class name="testPackage.DemoTest">
        <test-method status="PASS" signature="beforeSuite()[pri:0, instance:testPackage.DemoTest@51565ec2]" name="beforeSuite" is-config="true" duration-ms="27" started-at="2018-12-23T04:42:32Z" finished-at="2018-12-23T04:42:32Z">
          <reporter-output>
          </reporter-output>
        </test-method> <!-- beforeSuite -->
        <test-method status="PASS" signature="beforeTest()[pri:0, instance:testPackage.DemoTest@51565ec2]" name="beforeTest" is-config="true" duration-ms="1" started-at="2018-12-23T04:42:32Z" finished-at="2018-12-23T04:42:32Z">
          <reporter-output>
          </reporter-output>
        </test-method> <!-- beforeTest -->
        <test-method status="PASS" signature="beforeClass()[pri:0, instance:testPackage.DemoTest@51565ec2]" name="beforeClass" is-config="true" duration-ms="1" started-at="2018-12-23T04:42:32Z" finished-at="2018-12-23T04:42:32Z">
          <reporter-output>
          </reporter-output>
        </test-method> <!-- beforeClass -->
        <test-method status="PASS" signature="beforeMethod()[pri:0, instance:testPackage.DemoTest@51565ec2]" name="beforeMethod" is-config="true" duration-ms="1" started-at="2018-12-23T04:42:32Z" finished-at="2018-12-23T04:42:32Z">
          <reporter-output>
          </reporter-output>
        </test-method> <!-- beforeMethod -->
        <test-method status="PASS" signature="method1()[pri:0, instance:testPackage.DemoTest@51565ec2]" name="method1" duration-ms="11" started-at="2018-12-23T04:42:32Z" finished-at="2018-12-23T04:42:32Z">
          <reporter-output>
          </reporter-output>
        </test-method> <!-- method1 -->
        <test-method status="PASS" signature="afterMethod()[pri:0, instance:testPackage.DemoTest@51565ec2]" name="afterMethod" is-config="true" duration-ms="1" started-at="2018-12-23T04:42:32Z" finished-at="2018-12-23T04:42:32Z">
          <reporter-output>
          </reporter-output>
        </test-method> <!-- afterMethod -->
        <test-method status="PASS" signature="beforeMethod()[pri:0, instance:testPackage.DemoTest@51565ec2]" name="beforeMethod" is-config="true" duration-ms="0" started-at="2018-12-23T04:42:32Z" finished-at="2018-12-23T04:42:32Z">
          <reporter-output>
          </reporter-output>
        </test-method> <!-- beforeMethod -->
        <test-method status="PASS" signature="method2()[pri:0, instance:testPackage.DemoTest@51565ec2]" name="method2" duration-ms="2" started-at="2018-12-23T04:42:32Z" finished-at="2018-12-23T04:42:32Z">
          <reporter-output>
          </reporter-output>
        </test-method> <!-- method2 -->
        <test-method status="PASS" signature="afterMethod()[pri:0, instance:testPackage.DemoTest@51565ec2]" name="afterMethod" is-config="true" duration-ms="1" started-at="2018-12-23T04:42:32Z" finished-at="2018-12-23T04:42:32Z">
          <reporter-output>
          </reporter-output>
        </test-method> <!-- afterMethod -->
        <test-method status="PASS" signature="method3()[pri:0, instance:testPackage.DemoTest@51565ec2]" name="method3" duration-ms="3" started-at="2018-12-23T04:42:32Z" finished-at="2018-12-23T04:42:32Z">
          <reporter-output>
          </reporter-output>
        </test-method> <!-- method3 -->
        <test-method status="PASS" signature="beforeMethod()[pri:0, instance:testPackage.DemoTest@51565ec2]" name="beforeMethod" is-config="true" duration-ms="0" started-at="2018-12-23T04:42:32Z" finished-at="2018-12-23T04:42:32Z">
          <reporter-output>
          </reporter-output>
        </test-method> <!-- beforeMethod -->
        <test-method status="PASS" signature="afterMethod()[pri:0, instance:testPackage.DemoTest@51565ec2]" name="afterMethod" is-config="true" duration-ms="1" started-at="2018-12-23T04:42:32Z" finished-at="2018-12-23T04:42:32Z">
          <reporter-output>
          </reporter-output>
        </test-method> <!-- afterMethod -->
        <test-method status="PASS" signature="beforeMethod()[pri:0, instance:testPackage.DemoTest@51565ec2]" name="beforeMethod" is-config="true" duration-ms="1" started-at="2018-12-23T04:42:32Z" finished-at="2018-12-23T04:42:32Z">
          <reporter-output>
          </reporter-output>
        </test-method> <!-- beforeMethod -->
        <test-method status="PASS" signature="method4()[pri:0, instance:testPackage.DemoTest@51565ec2]" name="method4" duration-ms="2" started-at="2018-12-23T04:42:32Z" finished-at="2018-12-23T04:42:32Z">
          <reporter-output>
          </reporter-output>
        </test-method> <!-- method4 -->
        <test-method status="PASS" signature="afterMethod()[pri:0, instance:testPackage.DemoTest@51565ec2]" name="afterMethod" is-config="true" duration-ms="0" started-at="2018-12-23T04:42:32Z" finished-at="2018-12-23T04:42:32Z">
          <reporter-output>
          </reporter-output>
        </test-method> <!-- afterMethod -->
        <test-method status="PASS" signature="afterClass()[pri:0, instance:testPackage.DemoTest@51565ec2]" name="afterClass" is-config="true" duration-ms="1" started-at="2018-12-23T04:42:32Z" finished-at="2018-12-23T04:42:32Z">
          <reporter-output>
          </reporter-output>
        </test-method> <!-- afterClass -->
        <test-method status="PASS" signature="afterTest()[pri:0, instance:testPackage.DemoTest@51565ec2]" name="afterTest" is-config="true" duration-ms="0" started-at="2018-12-23T04:42:32Z" finished-at="2018-12-23T04:42:32Z">
          <reporter-output>
          </reporter-output>
        </test-method> <!-- afterTest -->
        <test-method status="PASS" signature="afterSuite()[pri:0, instance:testPackage.DemoTest@51565ec2]" name="afterSuite" is-config="true" duration-ms="2" started-at="2018-12-23T04:42:33Z" finished-at="2018-12-23T04:42:33Z">
          <reporter-output>
          </reporter-output>
        </test-method> <!-- afterSuite -->
      </class> <!-- testPackage.DemoTest -->
    </test> <!-- Test -->
  </suite> <!-- Suite -->
</testng-results>
